#
# A fatal error has been detected by the Java Runtime Environment:
#
#  EXCEPTION_ACCESS_VIOLATION (0xc0000005) at pc=0x000001f3e5c850c0, pid=9832, tid=7580
#
# JRE version: Java(TM) SE Runtime Environment (14.0.1+7) (build 14.0.1+7)
# Java VM: Java HotSpot(TM) 64-Bit Server VM (14.0.1+7, mixed mode, sharing, tiered, compressed oops, g1 gc, windows-amd64)
# Problematic frame:
# J 131 c1 java.util.HashSet.iterator()Ljava/util/Iterator; java.base@14.0.1 (13 bytes) @ 0x000001f3e5c850c0 [0x000001f3e5c850c0+0x0000000000000000]
#
# No core dump will be written. Minidumps are not enabled by default on client versions of Windows
#
# If you would like to submit a bug report, please visit:
#   https://bugreport.java.com/bugreport/crash.jsp
#

---------------  S U M M A R Y ------------

Command Line: -XX:TieredStopAtLevel=1 -Xverify:none -Dspring.output.ansi.enabled=always -Dcom.sun.management.jmxremote -Dspring.jmx.enabled=true -Dspring.liveBeansView.mbeanDomain -Dspring.application.admin.enabled=true -javaagent:C:\Program Files\JetBrains\IntelliJ IDEA 2020.1.2\lib\idea_rt.jar=50105:C:\Program Files\JetBrains\IntelliJ IDEA 2020.1.2\bin -Dfile.encoding=UTF-8 com.tung.reddit.RedditMain

Host: Intel(R) Core(TM) i5-1035G1 CPU @ 1.00GHz, 8 cores, 7G,  Windows 10 , 64 bit Build 18362 (10.0.18362.1082)
Time: Fri Oct  9 11:09:58 2020 SE Asia Standard Time elapsed time: 3 seconds (0d 0h 0m 3s)

---------------  T H R E A D  ---------------

Current thread (0x000001f3fdafd800):  JavaThread "HikariPool-1 connection adder" daemon [_thread_in_Java, id=7580, stack(0x0000001102000000,0x0000001102100000)]

Stack: [0x0000001102000000,0x0000001102100000],  sp=0x00000011020fde78,  free space=1015k
Native frames: (J=compiled Java code, j=interpreted, Vv=VM code, C=native code)
C  0x000001f3e5c850c0


siginfo: EXCEPTION_ACCESS_VIOLATION (0xc0000005), reading address 0x000000000ddf78d8


Register to memory mapping:

RIP=0x000001f3e5c850c0 is at entry_point+0 in (nmethod*)0x000001f3e5c84f10
RAX=0x0000000800332458 is a pointer to class: 
java.util.HashSet {0x0000000800332460}
RBX=0x0000000000000003 is an unknown value
RCX=0x0 is NULL
RDX=0x000000084013be88 is an unknown value
RSP=0x00000011020fde78 is pointing into the stack for thread: 0x000001f3fdafd800
RBP=0x00000011020fe0a8 is pointing into the stack for thread: 0x000001f3fdafd800
RSI=0x0000000000040246 is an unknown value
RDI=0x0000000083757aa0 is an oop: java.lang.String 
{0x0000000083757aa0} - klass: 'java/lang/String'
R8 =0x0000000000000002 is an unknown value
R9 =0x0000000000000003 is an unknown value
R10=0x000001f3dc551000 points into unknown readable memory: 00 00 00 00 00 00 00 00
R11=0x0000000000000398 is an unknown value
R12=0x0 is NULL
R13=0x0 is NULL
R14=0x0000000087428030 is an oop: java.util.HashMap 
{0x0000000087428030} - klass: 'java/util/HashMap'
R15=0x000001f3fdafd800 is a thread


Registers:
RAX=0x0000000800332458, RBX=0x0000000000000003, RCX=0x0000000000000000, RDX=0x000000084013be88
RSP=0x00000011020fde78, RBP=0x00000011020fe0a8, RSI=0x0000000000040246, RDI=0x0000000083757aa0
R8 =0x0000000000000002, R9 =0x0000000000000003, R10=0x000001f3dc551000, R11=0x0000000000000398
R12=0x0000000000000000, R13=0x0000000000000000, R14=0x0000000087428030, R15=0x000001f3fdafd800
RIP=0x000001f3e5c850c0, EFLAGS=0x0000000000010202

Top of Stack: (sp=0x00000011020fde78)
0x00000011020fde78:   000001f3e6350f4c 0000000087426ad8
0x00000011020fde88:   0000000085b8c6e0 00000011020fe0a8
0x00000011020fde98:   000001f3e5c80474 00000011020fe040
0x00000011020fdea8:   000001f3e63aac04 0000000083757aa0
0x00000011020fdeb8:   0000000084d69910 0000000087428000
0x00000011020fdec8:   0000000087428020 0000000084d6a568
0x00000011020fded8:   0000000087428020 0000000087428210
0x00000011020fdee8:   0000000085b8c6e0 0000000087424a60
0x00000011020fdef8:   000001f3fdafd800 00000011020fe0a8
0x00000011020fdf08:   000001f3e6355384 0000000085ba09c8
0x00000011020fdf18:   0000000084d69910 0000000087426ad8
0x00000011020fdf28:   0000000087426af8 0000000084d69718
0x00000011020fdf38:   0000000083757aa0 0000000000000000
0x00000011020fdf48:   0000000083757aa0 0000000085b8c6e0
0x00000011020fdf58:   000001f3fdafd800 00000011020fe0a8
0x00000011020fdf68:   000001f3e636653c 00000011020fe168 

Instructions: (pc=0x000001f3e5c850c0)
0x000001f3e5c84fc0:   10 52 c8 e5 f3 01 00 00 00 00 00 00 00 00 00 00
0x000001f3e5c84fd0:   00 00 00 00 00 00 00 00 ff ff ff ff 00 00 00 00
0x000001f3e5c84fe0:   00 00 00 00 00 00 00 00 00 00 00 00 00 00 00 00
0x000001f3e5c84ff0:   c0 50 c8 e5 f3 01 00 00 00 51 c8 e5 f3 01 00 00
0x000001f3e5c85000:   c0 50 c8 e5 f3 01 00 00 b4 02 00 00 3e 02 00 00
0x000001f3e5c85010:   b0 01 00 00 90 02 00 00 e8 02 00 00 e8 02 00 00
0x000001f3e5c85020:   00 00 00 00 00 03 00 00 40 03 00 00 48 03 00 00
0x000001f3e5c85030:   48 03 00 00 48 03 00 00 48 03 00 00 48 03 00 00
0x000001f3e5c85040:   20 00 00 00 83 00 00 00 01 00 00 00 00 00 00 00
0x000001f3e5c85050:   02 00 00 00 00 00 00 00 00 00 00 00 e0 01 00 00
0x000001f3e5c85060:   02 00 00 00 ff ff ff ff ff ff ff ff 00 00 00 00
0x000001f3e5c85070:   1b 60 0a f0 44 24 0a f0 18 24 11 b0 34 64 24 00
0x000001f3e5c85080:   01 f8 ab ff 05 50 00 c0 0a 64 01 f8 93 ff 06 50
0x000001f3e5c85090:   00 c0 0a 64 05 64 03 f8 0a 0c 98 59 f8 7f 05 70
0x000001f3e5c850a0:   0e 60 01 f8 ee fe 0e 90 0c 64 00 00 00 00 00 00
0x000001f3e5c850b0:   00 00 00 00 00 00 00 00 00 00 00 00 00 00 00 00
0x000001f3e5c850c0:   44 8b 52 08 49 c1 e2 03 49 bc 00 00 00 00 08 00
0x000001f3e5c850d0:   00 00 4d 03 d4 4d 33 e4 4c 3b d0 0f 85 9f 57 8e
0x000001f3e5c850e0:   ff 66 66 66 0f 1f 84 00 00 00 00 00 66 66 66 90
0x000001f3e5c850f0:   66 66 66 0f 1f 84 00 00 00 00 00 66 66 66 90 90
0x000001f3e5c85100:   89 84 24 00 90 ff ff 55 48 83 ec 30 8b 52 0c 66
0x000001f3e5c85110:   0f 1f 44 00 00 48 b8 ff ff ff ff ff ff ff ff e8
0x000001f3e5c85120:   bc bc 99 ff 48 8b d0 66 0f 1f 44 00 00 48 b8 d0
0x000001f3e5c85130:   57 cb fc f3 01 00 00 e8 7c ba 99 ff 48 83 c4 30
0x000001f3e5c85140:   5d 4d 8b 97 10 01 00 00 41 85 02 c3 90 90 49 8b
0x000001f3e5c85150:   87 e8 03 00 00 49 ba 00 00 00 00 00 00 00 00 4d
0x000001f3e5c85160:   89 97 e8 03 00 00 49 ba 00 00 00 00 00 00 00 00
0x000001f3e5c85170:   4d 89 97 f0 03 00 00 48 83 c4 30 5d e9 ff 16 99
0x000001f3e5c85180:   ff f4 f4 f4 f4 f4 f4 f4 f4 f4 f4 f4 f4 f4 f4 f4
0x000001f3e5c85190:   f4 f4 f4 f4 f4 f4 f4 f4 f4 f4 f4 f4 f4 f4 f4 f4
0x000001f3e5c851a0:   0f 1f 44 00 00 48 bb 00 00 00 00 00 00 00 00 e9
0x000001f3e5c851b0:   fb ff ff ff 90 48 bb 00 00 00 00 00 00 00 00 e9 


Stack slot to memory mapping:
stack at sp + 0 slots: 0x000001f3e6350f4c is at entry_point+396 in (nmethod*)0x000001f3e6350b90
stack at sp + 1 slots: 0x0000000087426ad8 is an oop: java.util.ArrayList$Itr 
{0x0000000087426ad8} - klass: 'java/util/ArrayList$Itr'
stack at sp + 2 slots: 0x0000000085b8c6e0 is an oop: java.security.AlgorithmParameters 
{0x0000000085b8c6e0} - klass: 'java/security/AlgorithmParameters'
stack at sp + 3 slots: 0x00000011020fe0a8 is pointing into the stack for thread: 0x000001f3fdafd800
stack at sp + 4 slots: 0x000001f3e5c80474 is at entry_point+84 in (nmethod*)0x000001f3e5c80290
stack at sp + 5 slots: 0x00000011020fe040 is pointing into the stack for thread: 0x000001f3fdafd800
stack at sp + 6 slots: 0x000001f3e63aac04 is at entry_point+388 in (nmethod*)0x000001f3e63aa890
stack at sp + 7 slots: 0x0000000083757aa0 is an oop: java.lang.String 
{0x0000000083757aa0} - klass: 'java/lang/String'

--------------------------------------------------------------------------------
[Constant Pool (empty)]

--------------------------------------------------------------------------------

[MachCode]
  0x000001f3e5c850c0: 448b 5208 | 49c1 e203 | 49bc 0000 | 0000 0800 | 0000 4d03 | d44d 33e4 | 4c3b d00f | 859f 578e 
  0x000001f3e5c850e0: ff66 6666 | 0f1f 8400 | 0000 0000 | 6666 6690 | 6666 660f | 1f84 0000 | 0000 0066 | 6666 9090 
  0x000001f3e5c85100: 8984 2400 | 90ff ff55 | 4883 ec30 | 8b52 0c66 | 0f1f 4400 | 0048 b8ff | ffff ffff | ffff ffe8 
  0x000001f3e5c85120: bcbc 99ff | 488b d066 | 0f1f 4400 | 0048 b8d0 | 57cb fcf3 | 0100 00e8 | 7cba 99ff | 4883 c430 
  0x000001f3e5c85140: 5d4d 8b97 | 1001 0000 | 4185 02c3 | 9090 498b | 87e8 0300 | 0049 ba00 | 0000 0000 | 0000 004d 
  0x000001f3e5c85160: 8997 e803 | 0000 49ba | 0000 0000 | 0000 0000 | 4d89 97f0 | 0300 0048 | 83c4 305d | e9ff 1699 
  0x000001f3e5c85180: fff4 f4f4 | f4f4 f4f4 | f4f4 f4f4 | f4f4 f4f4 | f4f4 f4f4 | f4f4 f4f4 | f4f4 f4f4 | f4f4 f4f4 
  0x000001f3e5c851a0: 0f1f 4400 | 0048 bb00 | 0000 0000 | 0000 00e9 | fbff ffff | 9048 bb00 | 0000 0000 | 0000 00e9 
  0x000001f3e5c851c0: fbff ffff | e8b7 4b99 | ff48 b998 | 590a 0cf8 | 7f00 0048 | 83e4 f049 | baa0 5edb | 0bf8 7f00 
  0x000001f3e5c851e0: 0041 ffd2 | f449 bae5 | 51c8 e5f3 | 0100 0041 | 52e9 2a2d | 8eff f4f4 
[/MachCode]
--------------------------------------------------------------------------------


---------------  P R O C E S S  ---------------

Threads class SMR info:
_java_thread_list=0x000001f3802af390, length=23, elements={
0x000001f3dcd98800, 0x000001f3fbd0d000, 0x000001f3fbd0e000, 0x000001f3fc52d800,
0x000001f3fc52f800, 0x000001f3fc531000, 0x000001f3fc533000, 0x000001f3fc53f800,
0x000001f3fc61a000, 0x000001f3fcb70800, 0x000001f3fcb71800, 0x000001f3fcd17800,
0x000001f3fd08f000, 0x000001f3fd08c000, 0x000001f3fdd85800, 0x000001f3fdd7c000,
0x000001f3fde85000, 0x000001f3fdafd000, 0x000001f3fdaf8000, 0x000001f3fdafd800,
0x000001f3fdaf9000, 0x000001f3fdafe800, 0x000001f3fdaf9800
}

Java Threads: ( => current thread )
  0x000001f3dcd98800 JavaThread "main" [_thread_blocked, id=1700, stack(0x000000117fb00000,0x000000117fc00000)]
  0x000001f3fbd0d000 JavaThread "Reference Handler" daemon [_thread_blocked, id=7892, stack(0x0000001100200000,0x0000001100300000)]
  0x000001f3fbd0e000 JavaThread "Finalizer" daemon [_thread_blocked, id=4504, stack(0x0000001100300000,0x0000001100400000)]
  0x000001f3fc52d800 JavaThread "Signal Dispatcher" daemon [_thread_blocked, id=10808, stack(0x0000001100400000,0x0000001100500000)]
  0x000001f3fc52f800 JavaThread "Attach Listener" daemon [_thread_blocked, id=13556, stack(0x0000001100500000,0x0000001100600000)]
  0x000001f3fc531000 JavaThread "Service Thread" daemon [_thread_blocked, id=1344, stack(0x0000001100600000,0x0000001100700000)]
  0x000001f3fc533000 JavaThread "C1 CompilerThread0" daemon [_thread_blocked, id=9236, stack(0x0000001100700000,0x0000001100800000)]
  0x000001f3fc53f800 JavaThread "Sweeper thread" daemon [_thread_blocked, id=13840, stack(0x0000001100800000,0x0000001100900000)]
  0x000001f3fc61a000 JavaThread "Common-Cleaner" daemon [_thread_blocked, id=12436, stack(0x0000001100900000,0x0000001100a00000)]
  0x000001f3fcb70800 JavaThread "Monitor Ctrl-Break" daemon [_thread_in_native, id=2268, stack(0x0000001100a00000,0x0000001100b00000)]
  0x000001f3fcb71800 JavaThread "Notification Thread" daemon [_thread_blocked, id=9172, stack(0x0000001100b00000,0x0000001100c00000)]
  0x000001f3fcd17800 JavaThread "RMI TCP Accept-0" daemon [_thread_in_native, id=7252, stack(0x0000001100c00000,0x0000001100d00000)]
  0x000001f3fd08f000 JavaThread "Thread-0" [_thread_blocked, id=8088, stack(0x0000001101200000,0x0000001101300000)]
  0x000001f3fd08c000 JavaThread "restartedMain" [_thread_in_vm, id=12276, stack(0x0000001101300000,0x0000001101400000)]
  0x000001f3fdd85800 JavaThread "RMI TCP Connection(2)-10.30.0.37" daemon [_thread_in_native, id=2980, stack(0x0000001101400000,0x0000001101500000)]
  0x000001f3fdd7c000 JavaThread "RMI Scheduler(0)" daemon [_thread_blocked, id=7636, stack(0x0000001101500000,0x0000001101600000)]
  0x000001f3fde85000 JavaThread "RMI TCP Connection(3)-10.30.0.37" daemon [_thread_in_native, id=3632, stack(0x0000001101c00000,0x0000001101d00000)]
  0x000001f3fdafd000 JavaThread "mysql-cj-abandoned-connection-cleanup" daemon [_thread_blocked, id=7656, stack(0x0000001101d00000,0x0000001101e00000)]
  0x000001f3fdaf8000 JavaThread "HikariPool-1 housekeeper" daemon [_thread_blocked, id=8560, stack(0x0000001101f00000,0x0000001102000000)]
=>0x000001f3fdafd800 JavaThread "HikariPool-1 connection adder" daemon [_thread_in_Java, id=7580, stack(0x0000001102000000,0x0000001102100000)]
  0x000001f3fdaf9000 JavaThread "Catalina-utility-1" [_thread_blocked, id=12152, stack(0x0000001102100000,0x0000001102200000)]
  0x000001f3fdafe800 JavaThread "Catalina-utility-2" [_thread_blocked, id=6384, stack(0x0000001102200000,0x0000001102300000)]
  0x000001f3fdaf9800 JavaThread "container-0" [_thread_blocked, id=11364, stack(0x0000001102300000,0x0000001102400000)]

Other Threads:
  0x000001f3fbd0b000 VMThread "VM Thread" [stack: 0x0000001100100000,0x0000001100200000] [id=2476]
  0x000001f3fcd18800 WatcherThread [stack: 0x0000001100d00000,0x0000001100e00000] [id=11436]
  0x000001f3dcdda800 GCTaskThread "GC Thread#0" [stack: 0x000000117fc00000,0x000000117fd00000] [id=2256]
  0x000001f3fd058000 GCTaskThread "GC Thread#1" [stack: 0x0000001100e00000,0x0000001100f00000] [id=2328]
  0x000001f3fcece800 GCTaskThread "GC Thread#2" [stack: 0x0000001100f00000,0x0000001101000000] [id=6336]
  0x000001f3fd8c8000 GCTaskThread "GC Thread#3" [stack: 0x0000001101600000,0x0000001101700000] [id=3196]
  0x000001f3fd8d1000 GCTaskThread "GC Thread#4" [stack: 0x0000001101700000,0x0000001101800000] [id=13688]
  0x000001f3fd8d2000 GCTaskThread "GC Thread#5" [stack: 0x0000001101800000,0x0000001101900000] [id=14260]
  0x000001f3fd8e3000 GCTaskThread "GC Thread#6" [stack: 0x0000001101900000,0x0000001101a00000] [id=2504]
  0x000001f3fd8ac000 GCTaskThread "GC Thread#7" [stack: 0x0000001101a00000,0x0000001101b00000] [id=14240]
  0x000001f3dcdef800 ConcurrentGCThread "G1 Main Marker" [stack: 0x000000117fd00000,0x000000117fe00000] [id=3104]
  0x000001f3dcdf1000 ConcurrentGCThread "G1 Conc#0" [stack: 0x000000117fe00000,0x000000117ff00000] [id=3232]
  0x000001f3fe609000 ConcurrentGCThread "G1 Conc#1" [stack: 0x0000001101b00000,0x0000001101c00000] [id=10440]
  0x000001f3fbb7a800 ConcurrentGCThread "G1 Refine#0" [stack: 0x000000117ff00000,0x0000001180000000] [id=1692]
  0x000001f3fc7a6800 ConcurrentGCThread "G1 Refine#1" [stack: 0x0000001101000000,0x0000001101100000] [id=7120]
  0x000001f3fcd32000 ConcurrentGCThread "G1 Refine#2" [stack: 0x0000001101100000,0x0000001101200000] [id=6708]
  0x000001f3fbb7b000 ConcurrentGCThread "G1 Young RemSet Sampling" [stack: 0x0000001100000000,0x0000001100100000] [id=3276]

Threads with active compile tasks:

VM state:not at safepoint (normal execution)

VM Mutex/Monitor currently owned by a thread: None

Heap address: 0x0000000083600000, size: 1994 MB, Compressed Oops mode: 32-bit
Narrow klass base: 0x0000000800000000, Narrow klass shift: 3
Compressed class space size: 1073741824 Address: 0x0000000800b30000

Heap:
 garbage-first heap   total 73728K, used 36744K [0x0000000083600000, 0x0000000100000000)
  region size 1024K, 14 young (14336K), 3 survivors (3072K)
 Metaspace       used 37693K, capacity 39067K, committed 39324K, reserved 1083392K
  class space    used 5100K, capacity 5612K, committed 5632K, reserved 1048576K
Heap Regions: E=young(eden), S=young(survivor), O=old, HS=humongous(starts), HC=humongous(continues), CS=collection set, F=free, OA=open archive, CA=closed archive, TAMS=top-at-mark-start (previous, next)
|   0|0x0000000083600000, 0x0000000083700000, 0x0000000083700000|100%|HS|  |TAMS 0x0000000083700000, 0x0000000083600000| Complete 
|   1|0x0000000083700000, 0x0000000083800000, 0x0000000083800000|100%| O|  |TAMS 0x0000000083800000, 0x0000000083700000| Untracked 
|   2|0x0000000083800000, 0x0000000083900000, 0x0000000083900000|100%| O|  |TAMS 0x0000000083900000, 0x0000000083800000| Untracked 
|   3|0x0000000083900000, 0x0000000083a00000, 0x0000000083a00000|100%| O|  |TAMS 0x0000000083a00000, 0x0000000083900000| Untracked 
|   4|0x0000000083a00000, 0x0000000083b00000, 0x0000000083b00000|100%| O|  |TAMS 0x0000000083b00000, 0x0000000083a00000| Untracked 
|   5|0x0000000083b00000, 0x0000000083c00000, 0x0000000083c00000|100%| O|  |TAMS 0x0000000083c00000, 0x0000000083b00000| Untracked 
|   6|0x0000000083c00000, 0x0000000083d00000, 0x0000000083d00000|100%| O|  |TAMS 0x0000000083d00000, 0x0000000083c00000| Untracked 
|   7|0x0000000083d00000, 0x0000000083de4a00, 0x0000000083e00000| 89%| O|  |TAMS 0x0000000083de4a00, 0x0000000083d00000| Untracked 
|   8|0x0000000083e00000, 0x0000000083f00000, 0x0000000083f00000|100%| O|  |TAMS 0x0000000083f00000, 0x0000000083e00000| Untracked 
|   9|0x0000000083f00000, 0x0000000084000000, 0x0000000084000000|100%| O|  |TAMS 0x0000000084000000, 0x0000000083f00000| Untracked 
|  10|0x0000000084000000, 0x0000000084100000, 0x0000000084100000|100%| O|  |TAMS 0x0000000084100000, 0x0000000084000000| Untracked 
|  11|0x0000000084100000, 0x0000000084200000, 0x0000000084200000|100%| O|  |TAMS 0x0000000084200000, 0x0000000084100000| Untracked 
|  12|0x0000000084200000, 0x0000000084300000, 0x0000000084300000|100%| O|  |TAMS 0x0000000084300000, 0x0000000084200000| Untracked 
|  13|0x0000000084300000, 0x0000000084400000, 0x0000000084400000|100%| O|  |TAMS 0x0000000084400000, 0x0000000084300000| Untracked 
|  14|0x0000000084400000, 0x0000000084500000, 0x0000000084500000|100%| O|  |TAMS 0x0000000084500000, 0x0000000084400000| Untracked 
|  15|0x0000000084500000, 0x0000000084600000, 0x0000000084600000|100%| O|  |TAMS 0x0000000084600000, 0x0000000084500000| Untracked 
|  16|0x0000000084600000, 0x0000000084700000, 0x0000000084700000|100%| O|  |TAMS 0x0000000084700000, 0x0000000084600000| Untracked 
|  17|0x0000000084700000, 0x0000000084800000, 0x0000000084800000|100%| O|  |TAMS 0x0000000084800000, 0x0000000084700000| Untracked 
|  18|0x0000000084800000, 0x0000000084900000, 0x0000000084900000|100%| O|  |TAMS 0x0000000084900000, 0x0000000084800000| Untracked 
|  19|0x0000000084900000, 0x0000000084a00000, 0x0000000084a00000|100%| O|  |TAMS 0x0000000084a00000, 0x0000000084900000| Untracked 
|  20|0x0000000084a00000, 0x0000000084b00000, 0x0000000084b00000|100%| O|  |TAMS 0x0000000084b00000, 0x0000000084a00000| Untracked 
|  21|0x0000000084b00000, 0x0000000084c00000, 0x0000000084c00000|100%| O|  |TAMS 0x0000000084c00000, 0x0000000084b00000| Untracked 
|  22|0x0000000084c00000, 0x0000000084d00000, 0x0000000084d00000|100%| O|  |TAMS 0x0000000084d00000, 0x0000000084c00000| Untracked 
|  23|0x0000000084d00000, 0x0000000084d9d000, 0x0000000084e00000| 61%| O|  |TAMS 0x0000000084d9d000, 0x0000000084d00000| Untracked 
|  24|0x0000000084e00000, 0x0000000084e00000, 0x0000000084f00000|  0%| F|  |TAMS 0x0000000084e00000, 0x0000000084e00000| Untracked 
|  25|0x0000000084f00000, 0x0000000084f00000, 0x0000000085000000|  0%| F|  |TAMS 0x0000000084f00000, 0x0000000084f00000| Untracked 
|  26|0x0000000085000000, 0x0000000085000000, 0x0000000085100000|  0%| F|  |TAMS 0x0000000085000000, 0x0000000085000000| Untracked 
|  27|0x0000000085100000, 0x0000000085100000, 0x0000000085200000|  0%| F|  |TAMS 0x0000000085100000, 0x0000000085100000| Untracked 
|  28|0x0000000085200000, 0x0000000085200000, 0x0000000085300000|  0%| F|  |TAMS 0x0000000085200000, 0x0000000085200000| Untracked 
|  29|0x0000000085300000, 0x0000000085300000, 0x0000000085400000|  0%| F|  |TAMS 0x0000000085300000, 0x0000000085300000| Untracked 
|  30|0x0000000085400000, 0x0000000085400000, 0x0000000085500000|  0%| F|  |TAMS 0x0000000085400000, 0x0000000085400000| Untracked 
|  31|0x0000000085500000, 0x0000000085500000, 0x0000000085600000|  0%| F|  |TAMS 0x0000000085500000, 0x0000000085500000| Untracked 
|  32|0x0000000085600000, 0x0000000085600000, 0x0000000085700000|  0%| F|  |TAMS 0x0000000085600000, 0x0000000085600000| Untracked 
|  33|0x0000000085700000, 0x0000000085700000, 0x0000000085800000|  0%| F|  |TAMS 0x0000000085700000, 0x0000000085700000| Untracked 
|  34|0x0000000085800000, 0x0000000085800000, 0x0000000085900000|  0%| F|  |TAMS 0x0000000085800000, 0x0000000085800000| Untracked 
|  35|0x0000000085900000, 0x0000000085960618, 0x0000000085a00000| 37%| S|CS|TAMS 0x0000000085900000, 0x0000000085900000| Complete 
|  36|0x0000000085a00000, 0x0000000085b00000, 0x0000000085b00000|100%| S|CS|TAMS 0x0000000085a00000, 0x0000000085a00000| Complete 
|  37|0x0000000085b00000, 0x0000000085c00000, 0x0000000085c00000|100%| S|CS|TAMS 0x0000000085b00000, 0x0000000085b00000| Complete 
|  38|0x0000000085c00000, 0x0000000085c00000, 0x0000000085d00000|  0%| F|  |TAMS 0x0000000085c00000, 0x0000000085c00000| Untracked 
|  39|0x0000000085d00000, 0x0000000085d00000, 0x0000000085e00000|  0%| F|  |TAMS 0x0000000085d00000, 0x0000000085d00000| Untracked 
|  40|0x0000000085e00000, 0x0000000085e00000, 0x0000000085f00000|  0%| F|  |TAMS 0x0000000085e00000, 0x0000000085e00000| Untracked 
|  41|0x0000000085f00000, 0x0000000085f00000, 0x0000000086000000|  0%| F|  |TAMS 0x0000000085f00000, 0x0000000085f00000| Untracked 
|  42|0x0000000086000000, 0x0000000086000000, 0x0000000086100000|  0%| F|  |TAMS 0x0000000086000000, 0x0000000086000000| Untracked 
|  43|0x0000000086100000, 0x0000000086100000, 0x0000000086200000|  0%| F|  |TAMS 0x0000000086100000, 0x0000000086100000| Untracked 
|  44|0x0000000086200000, 0x0000000086200000, 0x0000000086300000|  0%| F|  |TAMS 0x0000000086200000, 0x0000000086200000| Untracked 
|  45|0x0000000086300000, 0x0000000086300000, 0x0000000086400000|  0%| F|  |TAMS 0x0000000086300000, 0x0000000086300000| Untracked 
|  46|0x0000000086400000, 0x0000000086400000, 0x0000000086500000|  0%| F|  |TAMS 0x0000000086400000, 0x0000000086400000| Untracked 
|  47|0x0000000086500000, 0x0000000086500000, 0x0000000086600000|  0%| F|  |TAMS 0x0000000086500000, 0x0000000086500000| Untracked 
|  48|0x0000000086600000, 0x0000000086600000, 0x0000000086700000|  0%| F|  |TAMS 0x0000000086600000, 0x0000000086600000| Untracked 
|  49|0x0000000086700000, 0x0000000086700000, 0x0000000086800000|  0%| F|  |TAMS 0x0000000086700000, 0x0000000086700000| Untracked 
|  50|0x0000000086800000, 0x0000000086800000, 0x0000000086900000|  0%| F|  |TAMS 0x0000000086800000, 0x0000000086800000| Untracked 
|  51|0x0000000086900000, 0x0000000086900000, 0x0000000086a00000|  0%| F|  |TAMS 0x0000000086900000, 0x0000000086900000| Untracked 
|  52|0x0000000086a00000, 0x0000000086a00000, 0x0000000086b00000|  0%| F|  |TAMS 0x0000000086a00000, 0x0000000086a00000| Untracked 
|  53|0x0000000086b00000, 0x0000000086b00000, 0x0000000086c00000|  0%| F|  |TAMS 0x0000000086b00000, 0x0000000086b00000| Untracked 
|  54|0x0000000086c00000, 0x0000000086c00000, 0x0000000086d00000|  0%| F|  |TAMS 0x0000000086c00000, 0x0000000086c00000| Untracked 
|  55|0x0000000086d00000, 0x0000000086d00000, 0x0000000086e00000|  0%| F|  |TAMS 0x0000000086d00000, 0x0000000086d00000| Untracked 
|  56|0x0000000086e00000, 0x0000000086e00000, 0x0000000086f00000|  0%| F|  |TAMS 0x0000000086e00000, 0x0000000086e00000| Untracked 
|  57|0x0000000086f00000, 0x0000000086f00000, 0x0000000087000000|  0%| F|  |TAMS 0x0000000086f00000, 0x0000000086f00000| Untracked 
|  58|0x0000000087000000, 0x0000000087000000, 0x0000000087100000|  0%| F|  |TAMS 0x0000000087000000, 0x0000000087000000| Untracked 
|  59|0x0000000087100000, 0x0000000087100000, 0x0000000087200000|  0%| F|  |TAMS 0x0000000087100000, 0x0000000087100000| Untracked 
|  60|0x0000000087200000, 0x0000000087200000, 0x0000000087300000|  0%| F|  |TAMS 0x0000000087200000, 0x0000000087200000| Untracked 
|  61|0x0000000087300000, 0x0000000087400000, 0x0000000087400000|100%| E|  |TAMS 0x0000000087300000, 0x0000000087300000| Complete 
|  62|0x0000000087400000, 0x0000000087500000, 0x0000000087500000|100%| E|CS|TAMS 0x0000000087400000, 0x0000000087400000| Complete 
|  63|0x0000000087500000, 0x0000000087600000, 0x0000000087600000|100%| E|CS|TAMS 0x0000000087500000, 0x0000000087500000| Complete 
|  64|0x0000000087600000, 0x0000000087700000, 0x0000000087700000|100%| E|CS|TAMS 0x0000000087600000, 0x0000000087600000| Complete 
|  65|0x0000000087700000, 0x0000000087800000, 0x0000000087800000|100%| E|CS|TAMS 0x0000000087700000, 0x0000000087700000| Complete 
|  66|0x0000000087800000, 0x0000000087900000, 0x0000000087900000|100%| E|CS|TAMS 0x0000000087800000, 0x0000000087800000| Complete 
|  67|0x0000000087900000, 0x0000000087a00000, 0x0000000087a00000|100%| E|CS|TAMS 0x0000000087900000, 0x0000000087900000| Complete 
|  68|0x0000000087a00000, 0x0000000087b00000, 0x0000000087b00000|100%| E|CS|TAMS 0x0000000087a00000, 0x0000000087a00000| Complete 
|  69|0x0000000087b00000, 0x0000000087c00000, 0x0000000087c00000|100%| E|CS|TAMS 0x0000000087b00000, 0x0000000087b00000| Complete 
|  70|0x0000000087c00000, 0x0000000087d00000, 0x0000000087d00000|100%| E|CS|TAMS 0x0000000087c00000, 0x0000000087c00000| Complete 
| 151|0x000000008cd00000, 0x000000008ce00000, 0x000000008ce00000|100%| E|CS|TAMS 0x000000008cd00000, 0x000000008cd00000| Complete 

Card table byte_map: [0x000001f3f4c40000,0x000001f3f5030000] _byte_map_base: 0x000001f3f4825000

Marking Bits (Prev, Next): (CMBitMap*) 0x000001f3dcddd1f8, (CMBitMap*) 0x000001f3dcddd1b8
 Prev Bits: [0x000001f3f7350000, 0x000001f3f9278000)
 Next Bits: [0x000001f3f5420000, 0x000001f3f7348000)

Polling page: 0x000001f3dc550000

Metaspace:

Usage:
  Non-class:     32.73 MB capacity,    31.86 MB ( 97%) used,   747.96 KB (  2%) free+waste,   146.25 KB ( <1%) overhead. 
      Class:      5.48 MB capacity,     4.99 MB ( 91%) used,   427.45 KB (  8%) free+waste,    73.94 KB (  1%) overhead. 
       Both:     38.21 MB capacity,    36.85 MB ( 96%) used,     1.15 MB (  3%) free+waste,   220.19 KB ( <1%) overhead. 

Virtual space:
  Non-class space:       34.00 MB reserved,      32.90 MB ( 97%) committed 
      Class space:        1.00 GB reserved,       5.50 MB ( <1%) committed 
             Both:        1.03 GB reserved,      38.40 MB (  4%) committed 

Chunk freelists:
   Non-Class:  45.00 KB
       Class:  20.00 KB
        Both:  65.00 KB

MaxMetaspaceSize: 17179869184.00 GB
CompressedClassSpaceSize: 1.00 GB

CodeHeap 'non-profiled nmethods': size=238336Kb used=7717Kb max_used=7717Kb free=230618Kb
 bounds [0x000001f3e5c60000, 0x000001f3e63f0000, 0x000001f3f4520000]
CodeHeap 'non-nmethods': size=7424Kb used=1284Kb max_used=1284Kb free=6139Kb
 bounds [0x000001f3e5520000, 0x000001f3e5790000, 0x000001f3e5c60000]
 total_blobs=5551 nmethods=4717 adapters=488
 compilation: enabled
              stopped_count=0, restarted_count=0
 full_count=0

Compilation events (20 events):
Event: 3.618 Thread 0x000001f3fc533000 4702       1       java.security.Provider$UString::<init> (21 bytes)
Event: 3.619 Thread 0x000001f3fc533000 nmethod 4702 0x000001f3e63e3410 code [0x000001f3e63e35c0, 0x000001f3e63e37d8]
Event: 3.619 Thread 0x000001f3fc533000 4710       1       java.util.ArrayList::spliterator (12 bytes)
Event: 3.619 Thread 0x000001f3fc533000 nmethod 4710 0x000001f3e63e3890 code [0x000001f3e63e3a20, 0x000001f3e63e3bb8]
Event: 3.619 Thread 0x000001f3fc533000 4711       1       java.util.ArrayList$ArrayListSpliterator::<init> (26 bytes)
Event: 3.619 Thread 0x000001f3fc533000 nmethod 4711 0x000001f3e63e3c90 code [0x000001f3e63e3e20, 0x000001f3e63e3f58]
Event: 3.619 Thread 0x000001f3fc533000 4709       1       java.io.File::getName (42 bytes)
Event: 3.619 Thread 0x000001f3fc533000 nmethod 4709 0x000001f3e63e4010 code [0x000001f3e63e41e0, 0x000001f3e63e43f8]
Event: 3.619 Thread 0x000001f3fc533000 4704       1       com.mysql.cj.protocol.a.NativePacketHeader::getBuffer (5 bytes)
Event: 3.619 Thread 0x000001f3fc533000 nmethod 4704 0x000001f3e63e4610 code [0x000001f3e63e47a0, 0x000001f3e63e4878]
Event: 3.619 Thread 0x000001f3fc533000 4712       1       sun.security.util.ECParameters::engineGetParameterSpec (105 bytes)
Event: 3.620 Thread 0x000001f3fc533000 nmethod 4712 0x000001f3e63e4910 code [0x000001f3e63e4b60, 0x000001f3e63e5218]
Event: 3.620 Thread 0x000001f3fc533000 4707       1       com.mysql.cj.protocol.AbstractProtocol::getPropertySet (5 bytes)
Event: 3.620 Thread 0x000001f3fc533000 nmethod 4707 0x000001f3e63e5590 code [0x000001f3e63e5720, 0x000001f3e63e57f8]
Event: 3.620 Thread 0x000001f3fc533000 4708       1       java.nio.HeapByteBuffer::isReadOnly (2 bytes)
Event: 3.620 Thread 0x000001f3fc533000 nmethod 4708 0x000001f3e63e5890 code [0x000001f3e63e5a20, 0x000001f3e63e5af8]
Event: 3.620 Thread 0x000001f3fc533000 4713       1       org.springframework.core.io.FileSystemResource::hashCode (8 bytes)
Event: 3.620 Thread 0x000001f3fc533000 nmethod 4713 0x000001f3e63e5b90 code [0x000001f3e63e5d20, 0x000001f3e63e5e28]
Event: 3.622 Thread 0x000001f3fc533000 4714   !   1       org.springframework.core.type.filter.AbstractTypeHierarchyTraversingFilter::match (305 bytes)
Event: 3.626 Thread 0x000001f3fc533000 nmethod 4714 0x000001f3e63e5f10 code [0x000001f3e63e62c0, 0x000001f3e63e6fc8]

GC Heap History (20 events):
Event: 2.243 GC heap before
{Heap before GC invocations=7 (full 0):
 garbage-first heap   total 51200K, used 37989K [0x0000000083600000, 0x0000000100000000)
  region size 1024K, 24 young (24576K), 2 survivors (2048K)
 Metaspace       used 24244K, capacity 25179K, committed 25264K, reserved 1071104K
  class space    used 3431K, capacity 3808K, committed 3840K, reserved 1048576K
}
Event: 2.245 GC heap after
{Heap after GC invocations=8 (full 0):
 garbage-first heap   total 51200K, used 16307K [0x0000000083600000, 0x0000000100000000)
  region size 1024K, 3 young (3072K), 3 survivors (3072K)
 Metaspace       used 24244K, capacity 25179K, committed 25264K, reserved 1071104K
  class space    used 3431K, capacity 3808K, committed 3840K, reserved 1048576K
}
Event: 2.527 GC heap before
{Heap before GC invocations=8 (full 0):
 garbage-first heap   total 51200K, used 38835K [0x0000000083600000, 0x0000000100000000)
  region size 1024K, 25 young (25600K), 3 survivors (3072K)
 Metaspace       used 25823K, capacity 26913K, committed 27056K, reserved 1073152K
  class space    used 3679K, capacity 4075K, committed 4096K, reserved 1048576K
}
Event: 2.531 GC heap after
{Heap after GC invocations=9 (full 0):
 garbage-first heap   total 51200K, used 18034K [0x0000000083600000, 0x0000000100000000)
  region size 1024K, 3 young (3072K), 3 survivors (3072K)
 Metaspace       used 25823K, capacity 26913K, committed 27056K, reserved 1073152K
  class space    used 3679K, capacity 4075K, committed 4096K, reserved 1048576K
}
Event: 2.738 GC heap before
{Heap before GC invocations=9 (full 0):
 garbage-first heap   total 51200K, used 39538K [0x0000000083600000, 0x0000000100000000)
  region size 1024K, 24 young (24576K), 3 survivors (3072K)
 Metaspace       used 27053K, capacity 28299K, committed 28336K, reserved 1073152K
  class space    used 3862K, capacity 4324K, committed 4352K, reserved 1048576K
}
Event: 2.742 GC heap after
{Heap after GC invocations=10 (full 0):
 garbage-first heap   total 51200K, used 19431K [0x0000000083600000, 0x0000000100000000)
  region size 1024K, 2 young (2048K), 2 survivors (2048K)
 Metaspace       used 27053K, capacity 28299K, committed 28336K, reserved 1073152K
  class space    used 3862K, capacity 4324K, committed 4352K, reserved 1048576K
}
Event: 2.799 GC heap before
{Heap before GC invocations=10 (full 0):
 garbage-first heap   total 51200K, used 38887K [0x0000000083600000, 0x0000000100000000)
  region size 1024K, 22 young (22528K), 2 survivors (2048K)
 Metaspace       used 28180K, capacity 29367K, committed 29488K, reserved 1075200K
  class space    used 3968K, capacity 4424K, committed 4480K, reserved 1048576K
}
Event: 2.802 GC heap after
{Heap after GC invocations=11 (full 0):
 garbage-first heap   total 61440K, used 19840K [0x0000000083600000, 0x0000000100000000)
  region size 1024K, 2 young (2048K), 2 survivors (2048K)
 Metaspace       used 28180K, capacity 29367K, committed 29488K, reserved 1075200K
  class space    used 3968K, capacity 4424K, committed 4480K, reserved 1048576K
}
Event: 2.816 GC heap before
{Heap before GC invocations=11 (full 0):
 garbage-first heap   total 61440K, used 47488K [0x0000000083600000, 0x0000000100000000)
  region size 1024K, 30 young (30720K), 2 survivors (2048K)
 Metaspace       used 28180K, capacity 29367K, committed 29488K, reserved 1075200K
  class space    used 3968K, capacity 4424K, committed 4480K, reserved 1048576K
}
Event: 2.818 GC heap after
{Heap after GC invocations=12 (full 0):
 garbage-first heap   total 61440K, used 19901K [0x0000000083600000, 0x0000000100000000)
  region size 1024K, 3 young (3072K), 3 survivors (3072K)
 Metaspace       used 28180K, capacity 29367K, committed 29488K, reserved 1075200K
  class space    used 3968K, capacity 4424K, committed 4480K, reserved 1048576K
}
Event: 2.859 GC heap before
{Heap before GC invocations=12 (full 0):
 garbage-first heap   total 61440K, used 48573K [0x0000000083600000, 0x0000000100000000)
  region size 1024K, 32 young (32768K), 3 survivors (3072K)
 Metaspace       used 28600K, capacity 29802K, committed 30000K, reserved 1075200K
  class space    used 4006K, capacity 4462K, committed 4480K, reserved 1048576K
}
Event: 2.862 GC heap after
{Heap after GC invocations=13 (full 0):
 garbage-first heap   total 61440K, used 20154K [0x0000000083600000, 0x0000000100000000)
  region size 1024K, 3 young (3072K), 3 survivors (3072K)
 Metaspace       used 28600K, capacity 29802K, committed 30000K, reserved 1075200K
  class space    used 4006K, capacity 4462K, committed 4480K, reserved 1048576K
}
Event: 2.989 GC heap before
{Heap before GC invocations=13 (full 0):
 garbage-first heap   total 61440K, used 48826K [0x0000000083600000, 0x0000000100000000)
  region size 1024K, 32 young (32768K), 3 survivors (3072K)
 Metaspace       used 29320K, capacity 30580K, committed 30640K, reserved 1075200K
  class space    used 4107K, capacity 4593K, committed 4608K, reserved 1048576K
}
Event: 2.992 GC heap after
{Heap after GC invocations=14 (full 0):
 garbage-first heap   total 61440K, used 20640K [0x0000000083600000, 0x0000000100000000)
  region size 1024K, 2 young (2048K), 2 survivors (2048K)
 Metaspace       used 29320K, capacity 30580K, committed 30640K, reserved 1075200K
  class space    used 4107K, capacity 4593K, committed 4608K, reserved 1048576K
}
Event: 3.261 GC heap before
{Heap before GC invocations=14 (full 0):
 garbage-first heap   total 61440K, used 50336K [0x0000000083600000, 0x0000000100000000)
  region size 1024K, 31 young (31744K), 2 survivors (2048K)
 Metaspace       used 33098K, capacity 34409K, committed 34736K, reserved 1079296K
  class space    used 4541K, capacity 5042K, committed 5120K, reserved 1048576K
}
Event: 3.265 GC heap after
{Heap after GC invocations=15 (full 0):
 garbage-first heap   total 61440K, used 24058K [0x0000000083600000, 0x0000000100000000)
  region size 1024K, 4 young (4096K), 4 survivors (4096K)
 Metaspace       used 33098K, capacity 34409K, committed 34736K, reserved 1079296K
  class space    used 4541K, capacity 5042K, committed 5120K, reserved 1048576K
}
Event: 3.293 GC heap before
{Heap before GC invocations=15 (full 0):
 garbage-first heap   total 61440K, used 27130K [0x0000000083600000, 0x0000000100000000)
  region size 1024K, 8 young (8192K), 4 survivors (4096K)
 Metaspace       used 34484K, capacity 35842K, committed 35888K, reserved 1079296K
  class space    used 4719K, capacity 5222K, committed 5248K, reserved 1048576K
}
Event: 3.297 GC heap after
{Heap after GC invocations=16 (full 0):
 garbage-first heap   total 73728K, used 24697K [0x0000000083600000, 0x0000000100000000)
  region size 1024K, 1 young (1024K), 1 survivors (1024K)
 Metaspace       used 34484K, capacity 35842K, committed 35888K, reserved 1079296K
  class space    used 4719K, capacity 5222K, committed 5248K, reserved 1048576K
}
Event: 3.570 GC heap before
{Heap before GC invocations=17 (full 0):
 garbage-first heap   total 73728K, used 58489K [0x0000000083600000, 0x0000000100000000)
  region size 1024K, 34 young (34816K), 1 survivors (1024K)
 Metaspace       used 37002K, capacity 38411K, committed 38556K, reserved 1083392K
  class space    used 5050K, capacity 5543K, committed 5632K, reserved 1048576K
}
Event: 3.572 GC heap after
{Heap after GC invocations=18 (full 0):
 garbage-first heap   total 73728K, used 26504K [0x0000000083600000, 0x0000000100000000)
  region size 1024K, 3 young (3072K), 3 survivors (3072K)
 Metaspace       used 37002K, capacity 38411K, committed 38556K, reserved 1083392K
  class space    used 5050K, capacity 5543K, committed 5632K, reserved 1048576K
}

Deoptimization events (6 events):
Event: 1.770 Thread 0x000001f3fd08c000 DEOPT PACKING pc=0x000001f3e5f65024 sp=0x00000011013fccb0
Event: 1.770 Thread 0x000001f3fd08c000 DEOPT UNPACKING pc=0x000001f3e55683de sp=0x00000011013fc228 mode 0
Event: 3.384 Thread 0x000001f3fd08c000 DEOPT PACKING pc=0x000001f3e5f3cefe sp=0x00000011013fb980
Event: 3.384 Thread 0x000001f3fd08c000 DEOPT UNPACKING pc=0x000001f3e55683de sp=0x00000011013fae10 mode 3
Event: 3.384 Thread 0x000001f3fdaf8000 DEOPT PACKING pc=0x000001f3e5ebbc31 sp=0x0000001101fff1c0
Event: 3.384 Thread 0x000001f3fdaf8000 DEOPT UNPACKING pc=0x000001f3e55683de sp=0x0000001101ffe618 mode 3

Classes unloaded (0 events):
No events

Classes redefined (0 events):
No events

Internal exceptions (20 events):
Event: 3.576 Thread 0x000001f3fd08c000 Exception <a 'java/lang/ClassNotFoundException'{0x000000008cd1a3f8}: java/lang/ObjectCustomizer> (0x000000008cd1a3f8) 
thrown [./open/src/hotspot/share/classfile/systemDictionary.cpp, line 226]
Event: 3.576 Thread 0x000001f3fd08c000 Exception <a 'java/lang/ClassNotFoundException'{0x000000008cd39888}: org/springframework/boot/orm/jpa/EntityManagerFactoryBuilderCustomizer> (0x000000008cd39888) 
thrown [./open/src/hotspot/share/classfile/systemDictionary.cpp, line 226]
Event: 3.589 Thread 0x000001f3fd08c000 Exception <a 'java/lang/ClassNotFoundException'{0x0000000087a127c0}: java/lang/ObjectCustomizer> (0x0000000087a127c0) 
thrown [./open/src/hotspot/share/classfile/systemDictionary.cpp, line 226]
Event: 3.590 Thread 0x000001f3fd08c000 Exception <a 'java/lang/ClassNotFoundException'{0x0000000087a31c50}: org/springframework/orm/jpa/AbstractEntityManagerFactoryBeanCustomizer> (0x0000000087a31c50) 
thrown [./open/src/hotspot/share/classfile/systemDictionary.cpp, line 226]
Event: 3.591 Thread 0x000001f3fd08c000 Exception <a 'java/lang/ClassNotFoundException'{0x0000000087a6d970}: org/springframework/orm/jpa/LocalContainerEntityManagerFactoryBeanCustomizer> (0x0000000087a6d970) 
thrown [./open/src/hotspot/share/classfile/systemDictionary.cpp, line 226]
Event: 3.593 Thread 0x000001f3fd08c000 Exception <a 'java/lang/ClassNotFoundException'{0x0000000087ac3750}: org/springframework/context/ResourceLoaderAwareCustomizer> (0x0000000087ac3750) 
thrown [./open/src/hotspot/share/classfile/systemDictionary.cpp, line 226]
Event: 3.594 Thread 0x000001f3fd08c000 Exception <a 'java/lang/ClassNotFoundException'{0x0000000087adbce0}: org/springframework/beans/factory/AwareCustomizer> (0x0000000087adbce0) 
thrown [./open/src/hotspot/share/classfile/systemDictionary.cpp, line 226]
Event: 3.595 Thread 0x000001f3fd08c000 Exception <a 'java/lang/ClassNotFoundException'{0x0000000087af65c8}: org/springframework/context/weaving/LoadTimeWeaverAwareCustomizer> (0x0000000087af65c8) 
thrown [./open/src/hotspot/share/classfile/systemDictionary.cpp, line 226]
Event: 3.597 Thread 0x000001f3fd08c000 Exception <a 'java/lang/ClassNotFoundException'{0x000000008790f520}: org/springframework/beans/factory/AwareCustomizer> (0x000000008790f520) 
thrown [./open/src/hotspot/share/classfile/systemDictionary.cpp, line 226]
Event: 3.600 Thread 0x000001f3fd08c000 Exception <a 'java/lang/ClassNotFoundException'{0x00000000879285b0}: org/springframework/beans/factory/FactoryBeanCustomizer> (0x00000000879285b0) 
thrown [./open/src/hotspot/share/classfile/systemDictionary.cpp, line 226]
Event: 3.601 Thread 0x000001f3fd08c000 Exception <a 'java/lang/ClassNotFoundException'{0x0000000087947060}: org/springframework/beans/factory/BeanClassLoaderAwareCustomizer> (0x0000000087947060) 
thrown [./open/src/hotspot/share/classfile/systemDictionary.cpp, line 226]
Event: 3.602 Thread 0x000001f3fd08c000 Exception <a 'java/lang/ClassNotFoundException'{0x000000008795f648}: org/springframework/beans/factory/AwareCustomizer> (0x000000008795f648) 
thrown [./open/src/hotspot/share/classfile/systemDictionary.cpp, line 226]
Event: 3.603 Thread 0x000001f3fd08c000 Exception <a 'java/lang/ClassNotFoundException'{0x0000000087979378}: org/springframework/beans/factory/BeanFactoryAwareCustomizer> (0x0000000087979378) 
thrown [./open/src/hotspot/share/classfile/systemDictionary.cpp, line 226]
Event: 3.603 Thread 0x000001f3fd08c000 Exception <a 'java/lang/ClassNotFoundException'{0x0000000087811db8}: org/springframework/beans/factory/AwareCustomizer> (0x0000000087811db8) 
thrown [./open/src/hotspot/share/classfile/systemDictionary.cpp, line 226]
Event: 3.604 Thread 0x000001f3fd08c000 Exception <a 'java/lang/ClassNotFoundException'{0x000000008782adb0}: org/springframework/beans/factory/BeanNameAwareCustomizer> (0x000000008782adb0) 
thrown [./open/src/hotspot/share/classfile/systemDictionary.cpp, line 226]
Event: 3.605 Thread 0x000001f3fd08c000 Exception <a 'java/lang/ClassNotFoundException'{0x0000000087843320}: org/springframework/beans/factory/AwareCustomizer> (0x0000000087843320) 
thrown [./open/src/hotspot/share/classfile/systemDictionary.cpp, line 226]
Event: 3.605 Thread 0x000001f3fd08c000 Exception <a 'java/lang/ClassNotFoundException'{0x000000008785d050}: org/springframework/beans/factory/InitializingBeanCustomizer> (0x000000008785d050) 
thrown [./open/src/hotspot/share/classfile/systemDictionary.cpp, line 226]
Event: 3.606 Thread 0x000001f3fd08c000 Exception <a 'java/lang/ClassNotFoundException'{0x0000000087876fa0}: org/springframework/beans/factory/DisposableBeanCustomizer> (0x0000000087876fa0) 
thrown [./open/src/hotspot/share/classfile/systemDictionary.cpp, line 226]
Event: 3.607 Thread 0x000001f3fd08c000 Exception <a 'java/lang/ClassNotFoundException'{0x00000000878ec5b8}: org/springframework/orm/jpa/EntityManagerFactoryInfoCustomizer> (0x00000000878ec5b8) 
thrown [./open/src/hotspot/share/classfile/systemDictionary.cpp, line 226]
Event: 3.608 Thread 0x000001f3fd08c000 Exception <a 'java/lang/ClassNotFoundException'{0x0000000087712308}: org/springframework/dao/support/PersistenceExceptionTranslatorCustomizer> (0x0000000087712308) 
thrown [./open/src/hotspot/share/classfile/systemDictionary.cpp, line 226]

Events (20 events):
Event: 3.565 loading class java/lang/ObjectCustomizer
Event: 3.565 loading class java/lang/ObjectCustomizer done
Event: 3.565 loading class java/lang/ObjectCustomizer
Event: 3.565 loading class java/lang/ObjectCustomizer done
Event: 3.569 Executing VM operation: G1CollectForAllocation
Event: 3.572 Executing VM operation: G1CollectForAllocation done
Event: 3.576 loading class java/lang/ObjectCustomizer
Event: 3.576 loading class java/lang/ObjectCustomizer done
Event: 3.576 loading class java/lang/ObjectCustomizer
Event: 3.576 loading class java/lang/ObjectCustomizer done
Event: 3.588 loading class java/io/ObjectStreamException
Event: 3.588 loading class java/io/ObjectStreamException done
Event: 3.589 loading class java/lang/ObjectCustomizer
Event: 3.589 loading class java/lang/ObjectCustomizer done
Event: 3.589 loading class java/lang/ObjectCustomizer
Event: 3.589 loading class java/lang/ObjectCustomizer done
Event: 3.597 Executing VM operation: G1Concurrent
Event: 3.599 Executing VM operation: G1Concurrent done
Event: 3.613 Executing VM operation: G1Concurrent
Event: 3.614 Executing VM operation: G1Concurrent done


Dynamic libraries:
0x00007ff736fd0000 - 0x00007ff736fdf000 	C:\Program Files\Java\jdk-14.0.1\bin\java.exe
0x00007ff85a320000 - 0x00007ff85a510000 	C:\windows\SYSTEM32\ntdll.dll
0x00007ff859090000 - 0x00007ff859142000 	C:\windows\System32\KERNEL32.DLL
0x00007ff8578a0000 - 0x00007ff857b45000 	C:\windows\System32\KERNELBASE.dll
0x00007ff857b50000 - 0x00007ff857c4a000 	C:\windows\System32\ucrtbase.dll
0x00007ff842f10000 - 0x00007ff842f25000 	C:\Program Files\Java\jdk-14.0.1\bin\VCRUNTIME140.dll
0x00007ff842d50000 - 0x00007ff842d68000 	C:\Program Files\Java\jdk-14.0.1\bin\jli.dll
0x00007ff85a1d0000 - 0x00007ff85a273000 	C:\windows\System32\ADVAPI32.dll
0x00007ff8583d0000 - 0x00007ff85846e000 	C:\windows\System32\msvcrt.dll
0x00007ff859690000 - 0x00007ff859727000 	C:\windows\System32\sechost.dll
0x00007ff8591b0000 - 0x00007ff8592d0000 	C:\windows\System32\RPCRT4.dll
0x00007ff859730000 - 0x00007ff8598c5000 	C:\windows\System32\USER32.dll
0x00007ff839210000 - 0x00007ff839494000 	C:\windows\WinSxS\amd64_microsoft.windows.common-controls_6595b64144ccf1df_6.0.18362.1082_none_9e8193e1e45b25c1\COMCTL32.dll
0x00007ff857530000 - 0x00007ff857551000 	C:\windows\System32\win32u.dll
0x00007ff858480000 - 0x00007ff8584a6000 	C:\windows\System32\GDI32.dll
0x00007ff859350000 - 0x00007ff859685000 	C:\windows\System32\combase.dll
0x00007ff8575c0000 - 0x00007ff857756000 	C:\windows\System32\gdi32full.dll
0x00007ff8572b0000 - 0x00007ff857330000 	C:\windows\System32\bcryptPrimitives.dll
0x00007ff857760000 - 0x00007ff8577fe000 	C:\windows\System32\msvcp_win.dll
0x00007ff84d930000 - 0x00007ff84d93a000 	C:\windows\SYSTEM32\VERSION.dll
0x00007ff8584b0000 - 0x00007ff8584de000 	C:\windows\System32\IMM32.DLL
0x00007ff821440000 - 0x00007ff8214db000 	C:\Program Files\Java\jdk-14.0.1\bin\msvcp140.dll
0x00007ff80b880000 - 0x00007ff80c39e000 	C:\Program Files\Java\jdk-14.0.1\bin\server\jvm.dll
0x00007ff858fb0000 - 0x00007ff858fb8000 	C:\windows\System32\PSAPI.DLL
0x00007ff84ec80000 - 0x00007ff84ec89000 	C:\windows\SYSTEM32\WSOCK32.dll
0x00007ff854e60000 - 0x00007ff854e84000 	C:\windows\SYSTEM32\WINMM.dll
0x00007ff859cf0000 - 0x00007ff859d5f000 	C:\windows\System32\WS2_32.dll
0x00007ff854e30000 - 0x00007ff854e5d000 	C:\windows\SYSTEM32\winmmbase.dll
0x00007ff857850000 - 0x00007ff85789a000 	C:\windows\System32\cfgmgr32.dll
0x00007ff8571f0000 - 0x00007ff857201000 	C:\windows\System32\kernel.appcore.dll
0x00007ff82ff20000 - 0x00007ff82ff2a000 	C:\Program Files\Java\jdk-14.0.1\bin\jimage.dll
0x00007ff855ae0000 - 0x00007ff855cd4000 	C:\windows\SYSTEM32\DBGHELP.DLL
0x00007ff837b70000 - 0x00007ff837b9a000 	C:\windows\SYSTEM32\dbgcore.DLL
0x00007ff83b520000 - 0x00007ff83b52e000 	C:\Program Files\Java\jdk-14.0.1\bin\instrument.dll
0x00007ff821410000 - 0x00007ff821435000 	C:\Program Files\Java\jdk-14.0.1\bin\java.dll
0x00007ff825bc0000 - 0x00007ff825bd6000 	C:\Program Files\Java\jdk-14.0.1\bin\zip.dll
0x00007ff858500000 - 0x00007ff858be7000 	C:\windows\System32\SHELL32.dll
0x00007ff8598d0000 - 0x00007ff859979000 	C:\windows\System32\shcore.dll
0x00007ff857c50000 - 0x00007ff8583d0000 	C:\windows\System32\windows.storage.dll
0x00007ff857210000 - 0x00007ff857233000 	C:\windows\System32\profapi.dll
0x00007ff857260000 - 0x00007ff8572aa000 	C:\windows\System32\powrprof.dll
0x00007ff8571e0000 - 0x00007ff8571f0000 	C:\windows\System32\UMPDC.dll
0x00007ff858d60000 - 0x00007ff858db2000 	C:\windows\System32\shlwapi.dll
0x00007ff857830000 - 0x00007ff857847000 	C:\windows\System32\cryptsp.dll
0x00007ff8213f0000 - 0x00007ff821409000 	C:\Program Files\Java\jdk-14.0.1\bin\net.dll
0x00007ff841ca0000 - 0x00007ff841d90000 	C:\windows\SYSTEM32\WINHTTP.dll
0x00007ff856a30000 - 0x00007ff856a97000 	C:\windows\system32\mswsock.dll
0x00007ff8213d0000 - 0x00007ff8213e2000 	C:\Program Files\Java\jdk-14.0.1\bin\nio.dll
0x00007ff83b240000 - 0x00007ff83b25a000 	C:\Program Files\JetBrains\IntelliJ IDEA 2020.1.2\bin\breakgen64.dll
0x00007ff856780000 - 0x00007ff85684b000 	C:\windows\SYSTEM32\DNSAPI.dll
0x00007ff858d50000 - 0x00007ff858d58000 	C:\windows\System32\NSI.dll
0x00007ff856740000 - 0x00007ff85677a000 	C:\windows\SYSTEM32\IPHLPAPI.DLL
0x00007ff83aa00000 - 0x00007ff83aa0a000 	C:\Windows\System32\rasadhlp.dll
0x00007ff849fd0000 - 0x00007ff84a047000 	C:\windows\System32\fwpuclnt.dll
0x00007ff857800000 - 0x00007ff857826000 	C:\windows\System32\bcrypt.dll
0x00007ff827930000 - 0x00007ff827939000 	C:\Program Files\Java\jdk-14.0.1\bin\management.dll
0x00007ff825d80000 - 0x00007ff825d8b000 	C:\Program Files\Java\jdk-14.0.1\bin\management_ext.dll
0x00007ff856540000 - 0x00007ff856573000 	C:\windows\system32\rsaenh.dll
0x00007ff8570c0000 - 0x00007ff8570e5000 	C:\windows\SYSTEM32\USERENV.dll
0x00007ff856c00000 - 0x00007ff856c0c000 	C:\windows\SYSTEM32\CRYPTBASE.dll
0x00007ff84a890000 - 0x00007ff84a8a6000 	C:\windows\SYSTEM32\dhcpcsvc6.DLL
0x00007ff84af90000 - 0x00007ff84afac000 	C:\windows\SYSTEM32\dhcpcsvc.DLL
0x00007ff834100000 - 0x00007ff834116000 	C:\windows\system32\napinsp.dll
0x00007ff8340e0000 - 0x00007ff8340fa000 	C:\windows\system32\pnrpnsp.dll
0x00007ff833fd0000 - 0x00007ff833fde000 	C:\windows\System32\winrnr.dll
0x00007ff850140000 - 0x00007ff85015c000 	C:\windows\system32\NLAapi.dll
0x00007ff84f030000 - 0x00007ff84f045000 	C:\windows\system32\wshbth.dll
0x00007ff83b510000 - 0x00007ff83b51e000 	C:\Program Files\Java\jdk-14.0.1\bin\sunmscapi.dll
0x00007ff8573e0000 - 0x00007ff857529000 	C:\windows\System32\CRYPT32.dll
0x00007ff857240000 - 0x00007ff857252000 	C:\windows\System32\MSASN1.dll
0x00007ff856d00000 - 0x00007ff856d26000 	C:\windows\SYSTEM32\ncrypt.dll
0x00007ff856cc0000 - 0x00007ff856cfb000 	C:\windows\SYSTEM32\NTASN1.dll
0x00007ff83b210000 - 0x00007ff83b235000 	C:\Program Files\Java\jdk-14.0.1\bin\sunec.dll

dbghelp: loaded successfully - version: 4.0.5 - missing functions: none
symbol engine: initialized successfully - sym options: 0x614 - pdb path: .;C:\Program Files\Java\jdk-14.0.1\bin;C:\windows\SYSTEM32;C:\windows\WinSxS\amd64_microsoft.windows.common-controls_6595b64144ccf1df_6.0.18362.1082_none_9e8193e1e45b25c1;C:\Program Files\Java\jdk-14.0.1\bin\server;C:\Program Files\JetBrains\IntelliJ IDEA 2020.1.2\bin

VM Arguments:
jvm_args: -XX:TieredStopAtLevel=1 -Xverify:none -Dspring.output.ansi.enabled=always -Dcom.sun.management.jmxremote -Dspring.jmx.enabled=true -Dspring.liveBeansView.mbeanDomain -Dspring.application.admin.enabled=true -javaagent:C:\Program Files\JetBrains\IntelliJ IDEA 2020.1.2\lib\idea_rt.jar=50105:C:\Program Files\JetBrains\IntelliJ IDEA 2020.1.2\bin -Dfile.encoding=UTF-8 
java_command: com.tung.reddit.RedditMain
java_class_path (initial): C:\Users\ADMIN\Git\CaseStudyModule4\demo\build\classes\java\main;C:\Users\ADMIN\Git\CaseStudyModule4\demo\build\resources\main;C:\Users\ADMIN\.gradle\caches\modules-2\files-2.1\org.projectlombok\lombok\1.18.12\48e4e5d60309ebd833bc528dcf77668eab3cd72c\lombok-1.18.12.jar;C:\Users\ADMIN\.gradle\caches\modules-2\files-2.1\org.thymeleaf.extras\thymeleaf-extras-springsecurity5\3.0.4.RELEASE\88bb10bf73ce285208dd848e8eb17f897ebb02d4\thymeleaf-extras-springsecurity5-3.0.4.RELEASE.jar;C:\Users\ADMIN\.gradle\caches\modules-2\files-2.1\io.jsonwebtoken\jjwt\0.6.0\3c8a7897b9ca31c83d3dd364be7f75ce5cd417d7\jjwt-0.6.0.jar;C:\Users\ADMIN\.gradle\caches\modules-2\files-2.1\org.springframework.boot\spring-boot-starter-actuator\2.3.4.RELEASE\44aebd5ec26be2d2ff3f72d2181001aad1f94f4a\spring-boot-starter-actuator-2.3.4.RELEASE.jar;C:\Users\ADMIN\.gradle\caches\modules-2\files-2.1\org.springframework.boot\spring-boot-starter-data-jdbc\2.3.4.RELEASE\5f4ec4002477cfff125abb10c3e7c912c7fc3cd1\spring-boot-starter-data-jdbc-2.3.4.RELEASE.jar;C:\Users\ADMIN\.gradle\caches\modules-2\files-2.1\org.springframework.boot\spring-boot-starter-data-rest\2.3.4.RELEASE\e056cd301c9a30460c15dc3454cca3669bf777b5\spring-boot-starter-data-rest-2.3.4.RELEASE.jar;C:\Users\ADMIN\.gradle\caches\modules-2\files-2.1\org.springframework.boot\spring-boot-starter-thymeleaf\2.3.4.RELEASE\421f81dc02f831ec9d2a5e29b5bb1186b1ada15\spring-boot-starter-thymeleaf-2.3.4.RELEASE.jar;C:\Users\ADMIN\.gradle\caches\modules-2\files-2.1\org.springframework.boot\spring-boot-starter-security\2.3.4.RELEASE\c7cba64ec709aab550dbbeb9a97acc50d88f6f70\spring-boot-starter-security-2.3.4.RELEASE.jar;C:\Users\ADMIN\.gradle\caches\modules-2\files-2.1\org.springframework.security\spring-security-test\5.3.4.RELEASE\366e566564a96dd5f27e425edceaf41da67e8204\spring-security-test-5.3.4.RELEASE.jar;C:\Users\ADMIN\.gradle\caches\modules-2\files-2.1\org.springframework.boot\spring-boot-starter-validation\2.3.4.RELEASE\8f2509793
Launcher Type: SUN_STANDARD

[Global flags]
     intx CICompilerCount                          = 4                                         {product} {ergonomic}
     uint ConcGCThreads                            = 2                                         {product} {ergonomic}
     uint G1ConcRefinementThreads                  = 8                                         {product} {ergonomic}
   size_t G1HeapRegionSize                         = 1048576                                   {product} {ergonomic}
    uintx GCDrainStackTargetSize                   = 64                                        {product} {ergonomic}
   size_t InitialHeapSize                          = 132120576                                 {product} {ergonomic}
     bool ManagementServer                         = true                                      {product} {command line}
   size_t MarkStackSize                            = 4194304                                   {product} {ergonomic}
   size_t MaxHeapSize                              = 2090860544                                {product} {ergonomic}
   size_t MaxNewSize                               = 1254096896                                {product} {ergonomic}
   size_t MinHeapDeltaBytes                        = 1048576                                   {product} {ergonomic}
   size_t MinHeapSize                              = 8388608                                   {product} {ergonomic}
    uintx NonNMethodCodeHeapSize                   = 7549744                                {pd product} {ergonomic}
    uintx NonProfiledCodeHeapSize                  = 244108496                              {pd product} {ergonomic}
    uintx ProfiledCodeHeapSize                     = 0                                      {pd product} {ergonomic}
    uintx ReservedCodeCacheSize                    = 251658240                              {pd product} {ergonomic}
     bool SegmentedCodeCache                       = true                                      {product} {ergonomic}
   size_t SoftMaxHeapSize                          = 2090860544                             {manageable} {ergonomic}
     intx TieredStopAtLevel                        = 1                                         {product} {command line}
     bool UseCompressedClassPointers               = true                                 {lp64_product} {ergonomic}
     bool UseCompressedOops                        = true                                 {lp64_product} {ergonomic}
     bool UseG1GC                                  = true                                      {product} {ergonomic}
     bool UseLargePagesIndividualAllocation        = false                                  {pd product} {ergonomic}

Logging:
Log output configuration:
 #0: stdout all=warning uptime,level,tags
 #1: stderr all=off uptime,level,tags

Environment Variables:
JAVA_HOME=C:\Program Files\Java\jdk-14.0.1
PATH=C:\windows\system32;C:\windows;C:\windows\System32\Wbem;C:\windows\System32\WindowsPowerShell\v1.0\;C:\windows\System32\OpenSSH\;C:\Program Files (x86)\NVIDIA Corporation\PhysX\Common;C:\Program Files\NVIDIA Corporation\NVIDIA NvDLISR;C:\Program Files\Git\cmd;C:\CodeGym\gradle-6.6.1-all\gradle-6.6.1\bin;C:\Program Files\MySQL\MySQL Shell 8.0\bin\;C:\Users\ADMIN\AppData\Local\Microsoft\WindowsApps;C:\Users\ADMIN\AppData\Local\GitHubDesktop\bin
USERNAME=ADMIN
OS=Windows_NT
PROCESSOR_IDENTIFIER=Intel64 Family 6 Model 126 Stepping 5, GenuineIntel



---------------  S Y S T E M  ---------------

OS: Windows 10 , 64 bit Build 18362 (10.0.18362.1082)
OS uptime: 0 days 0:07 hours

CPU:total 8 (initial active 8) (4 cores per cpu, 2 threads per core) family 6 model 126 stepping 5, cmov, cx8, fxsr, mmx, sse, sse2, sse3, ssse3, sse4.1, sse4.2, popcnt, avx, avx2, aes, clmul, erms, 3dnowpref, lzcnt, ht, tsc, tscinvbit, bmi1, bmi2, adx, evex, sha, fma

Memory: 4k page, system-wide physical 7973M (1241M free)
TotalPageFile size 15909M (AvailPageFile size 7413M)
current process WorkingSet (physical memory assigned to process): 180M, peak: 180M
current process commit charge ("private bytes"): 224M, peak: 282M

vm_info: Java HotSpot(TM) 64-Bit Server VM (14.0.1+7) for windows-amd64 JRE (14.0.1+7), built on Mar  5 2020 10:30:14 by "mach5one" with MS VC++ 15.9 (VS2017)

END.
